<?xml version="1.0" encoding="UTF-8"?>
<!-- Generated by org.testng.reporters.JUnitXMLReporter -->
<testsuite ignored="0" hostname="IND-CHN-LT12483" failures="1" tests="1" name="Test" time="52.095" errors="0" timestamp="2024-02-16T11:10:52 IST">
  <testcase classname="io.cucumber.testng.AbstractTestNGCucumberTests" name="runScenario" time="50.731">
    <failure type="java.lang.AssertionError" message="expected [MSP64LT20025] but found [MSP64LT10025]">
      <![CDATA[java.lang.AssertionError: expected [MSP64LT20025] but found [MSP64LT10025]
at steps.SearchSteps.userSeesCartPageWithProduct(SearchSteps.java:129)
at ✽.User able to see Cart page with product "MSP64LT20025"(file:///C:/Users/I5310/eclipse-workspace/SDET_Sameer/src/test/resources/feature/search.feature:41)
... Removed 6 stack frames]]>
    </failure>
  </testcase> <!-- runScenario -->
</testsuite> <!-- Test -->
