<?xml version="1.0" encoding="UTF-8"?>
<testng-results skipped="0" failed="0" ignored="0" total="1" passed="1">
  <reporter-output>
  </reporter-output>
  <suite name="Suite" duration-ms="1433" started-at="2024-02-03T05:41:48 IST" finished-at="2024-02-03T05:41:50 IST">
    <groups>
      <group name="cucumber">
        <method signature="AbstractTestNGCucumberTests.runScenario(io.cucumber.testng.PickleWrapper,io.cucumber.testng.FeatureWrapper)[pri:0, instance:runner.testRunner@12cdcf4]" name="runScenario" class="io.cucumber.testng.AbstractTestNGCucumberTests"/>
      </group> <!-- cucumber -->
    </groups>
    <test name="Test" duration-ms="1433" started-at="2024-02-03T05:41:48 IST" finished-at="2024-02-03T05:41:50 IST">
      <class name="runner.testRunner">
        <test-method status="PASS" signature="setUpClass(org.testng.ITestContext)[pri:0, instance:runner.testRunner@12cdcf4]" name="setUpClass" is-config="true" duration-ms="971" started-at="2024-02-03T05:41:48 IST" finished-at="2024-02-03T05:41:49 IST">
          <params>
            <param index="0">
              <value>
                <![CDATA[org.testng.TestRunner@32a68f4f]]>
              </value>
            </param>
          </params>
          <reporter-output>
          </reporter-output>
        </test-method> <!-- setUpClass -->
        <test-method status="PASS" signature="runScenario(io.cucumber.testng.PickleWrapper,io.cucumber.testng.FeatureWrapper)[pri:0, instance:runner.testRunner@12cdcf4]" name="runScenario" duration-ms="265" started-at="2024-02-03T05:41:49 IST" description="Runs Cucumber Scenarios" data-provider="scenarios" finished-at="2024-02-03T05:41:49 IST">
          <params>
            <param index="0">
              <value>
                <![CDATA[""]]>
              </value>
            </param>
            <param index="1">
              <value>
                <![CDATA["Login Functionality"]]>
              </value>
            </param>
          </params>
          <reporter-output>
          </reporter-output>
        </test-method> <!-- runScenario -->
        <test-method status="PASS" signature="tearDownClass()[pri:0, instance:runner.testRunner@12cdcf4]" name="tearDownClass" is-config="true" duration-ms="146" started-at="2024-02-03T05:41:49 IST" finished-at="2024-02-03T05:41:50 IST">
          <reporter-output>
          </reporter-output>
        </test-method> <!-- tearDownClass -->
      </class> <!-- runner.testRunner -->
    </test> <!-- Test -->
  </suite> <!-- Suite -->
</testng-results>
