<?xml version="1.0" encoding="UTF-8"?>
<!-- Generated by org.testng.reporters.JUnitReportReporter -->
<testsuite hostname="IND-CHN-LT12483" failures="1" tests="1" name="runner.testRunner" time="50.731" errors="0" timestamp="2024-02-16T11:10:52 IST" skipped="0">
  <testcase classname="runner.testRunner" name="runScenario" time="50.731">
    <failure message="expected [MSP64LT20025] but found [MSP64LT10025]" type="java.lang.AssertionError">
      <![CDATA[java.lang.AssertionError: expected [MSP64LT20025] but found [MSP64LT10025]
at org.testng.Assert.fail(Assert.java:110)
at org.testng.Assert.failNotEquals(Assert.java:1413)
at org.testng.Assert.assertEqualsImpl(Assert.java:149)
at org.testng.Assert.assertEquals(Assert.java:131)
at org.testng.Assert.assertEquals(Assert.java:655)
at org.testng.Assert.assertEquals(Assert.java:665)
at steps.SearchSteps.userSeesCartPageWithProduct(SearchSteps.java:129)
at ✽.User able to see Cart page with product "MSP64LT20025"(file:///C:/Users/I5310/eclipse-workspace/SDET_Sameer/src/test/resources/feature/search.feature:41)
]]>
    </failure>
  </testcase> <!-- runScenario -->
  <system-out/>
</testsuite> <!-- runner.testRunner -->
